<html>
<head>
<title>TestNG:  Test</title>
<link href="../testng.css" rel="stylesheet" type="text/css" />
<link href="../my-testng.css" rel="stylesheet" type="text/css" />

<style type="text/css">
.log { display: none;} 
.stack-trace { display: none;} 
</style>
<script type="text/javascript">
<!--
function flip(e) {
  current = e.style.display;
  if (current == 'block') {
    e.style.display = 'none';
    return 0;
  }
  else {
    e.style.display = 'block';
    return 1;
  }
}

function toggleBox(szDivId, elem, msg1, msg2)
{
  var res = -1;  if (document.getElementById) {
    res = flip(document.getElementById(szDivId));
  }
  else if (document.all) {
    // this is the way old msie versions work
    res = flip(document.all[szDivId]);
  }
  if(elem) {
    if(res == 0) elem.innerHTML = msg1; else elem.innerHTML = msg2;
  }

}

function toggleAllBoxes() {
  if (document.getElementsByTagName) {
    d = document.getElementsByTagName('div');
    for (i = 0; i < d.length; i++) {
      if (d[i].className == 'log') {
        flip(d[i]);
      }
    }
  }
}

// -->
</script>

</head>
<body>
<h2 align='center'>Test</h2><table border='1' align="center">
<tr>
<td>Tests passed/Failed/Skipped:</td><td>17/2/0</td>
</tr><tr>
<td>Started on:</td><td>Tue Jan 10 02:56:03 IST 2023</td>
</tr>
<tr><td>Total time:</td><td>612 seconds (612191 ms)</td>
</tr><tr>
<td>Included groups:</td><td></td>
</tr><tr>
<td>Excluded groups:</td><td></td>
</tr>
</table><p/>
<small><i>(Hover the method name to see the test class name)</i></small><p/>
<table width='100%' border='1' class='invocation-failed'>
<tr><td colspan='4' align='center'><b>FAILED TESTS</b></td></tr>
<tr><td><b>Test method</b></td>
<td width="30%"><b>Exception</b></td>
<td width="10%"><b>Time (seconds)</b></td>
<td><b>Instance</b></td>
</tr>
<tr>
<td title='ExitTest.Selenium.TestCases.CareersTest.candidateLogin()'><b>candidateLogin</b><br>Test class: ExitTest.Selenium.TestCases.CareersTest</td>
<td><div><pre>org.openqa.selenium.TimeoutException: Expected condition failed: waiting for visibility of Proxy element for: DefaultElementLocator &apos;By.xpath: //span[contains(text(),&apos;Sorry! Looks like you typed it wrong. Please try a&apos;)]&apos; (tried for 30 second(s) with 500 milliseconds interval)
	at org.openqa.selenium.support.ui.WebDriverWait.timeoutException(WebDriverWait.java:87)
	at org.openqa.selenium.support.ui.FluentWait.until(FluentWait.java:231)
	at ExitTest.Selenium.Pages.CareersPage.candidateLogin(CareersPage.java:78)
	at ExitTest.Selenium.TestCases.CareersTest.candidateLogin(CareersTest.java:22)
	at java.base/java.util.ArrayList.forEach(ArrayList.java:1540)
Caused by: org.openqa.selenium.NoSuchElementException: no such element: Unable to locate element: {&quot;method&quot;:&quot;xpath&quot;,&quot;selector&quot;:&quot;//span[contains(text(),&apos;Sorry! Looks like you typed it wrong. Please try a&apos;)]&quot;}
  (Session info: chrome=108.0.5359.125)
For documentation on this error, please visit: https://selenium.dev/exceptions/#no_such_element
Build info: version: &apos;4.4.0&apos;, revision: &apos;e5c75ed026a&apos;
System info: host: &apos;IN-PG02NJPN&apos;, ip: &apos;192.168.101.4&apos;, os.name: &apos;Windows 10&apos;, os.arch: &apos;amd64&apos;, os.version: &apos;10.0&apos;, java.version: &apos;11.0.5&apos;
Driver info: org.openqa.selenium.chrome.ChromeDriver
Command: [5fcee86f3a852a4a51b870eec9047de8, findElement {using=xpath, value=//span[contains(text(),&apos;Sorry! Looks like you typed it wrong. Please try a&apos;)]}]
Capabilities {acceptInsecureCerts: false, browserName: chrome, browserVersion: 108.0.5359.125, chrome: {chromedriverVersion: 108.0.5359.71 (1e0e3868ee06..., userDataDir: C:\Users\DEVEND~1\AppData\L...}, goog:chromeOptions: {debuggerAddress: localhost:62143}, networkConnectionEnabled: false, pageLoadStrategy: normal, platformName: WINDOWS, proxy: Proxy(), se:cdp: ws://localhost:62143/devtoo..., se:cdpVersion: 108.0.5359.125, setWindowRect: true, strictFileInteractability: false, timeouts: {implicit: 0, pageLoad: 300000, script: 30000}, unhandledPromptBehavior: dismiss and notify, webauthn:extension:credBlob: true, webauthn:extension:largeBlob: true, webauthn:virtualAuthenticators: true}
Session ID: 5fcee86f3a852a4a51b870eec9047de8
	at org.openqa.selenium.remote.codec.w3c.W3CHttpResponseCodec.createException(W3CHttpResponseCodec.java:200)
	at org.openqa.selenium.remote.codec.w3c.W3CHttpResponseCodec.decode(W3CHttpResponseCodec.java:133)
	at org.openqa.selenium.remote.codec.w3c.W3CHttpResponseCodec.decode(W3CHttpResponseCodec.java:53)
	at org.openqa.selenium.remote.HttpCommandExecutor.execute(HttpCommandExecutor.java:184)
	at org.openqa.selenium.remote.service.DriverCommandExecutor.invokeExecute(DriverCommandExecutor.java:167)
	at org.openqa.selenium.remote.service.DriverCommandExecutor.execute(DriverCommandExecutor.java:142)
	at org.openqa.selenium.remote.RemoteWebDriver.execute(RemoteWebDriver.java:547)
	at org.openqa.selenium.remote.ElementLocation$ElementFinder$2.findElement(ElementLocation.java:162)
	at org.openqa.selenium.remote.ElementLocation.findElement(ElementLocation.java:60)
	at org.openqa.selenium.remote.RemoteWebDriver.findElement(RemoteWebDriver.java:365)
	at org.openqa.selenium.remote.RemoteWebDriver.findElement(RemoteWebDriver.java:357)
	at org.openqa.selenium.support.pagefactory.DefaultElementLocator.findElement(DefaultElementLocator.java:70)
	at org.openqa.selenium.support.pagefactory.internal.LocatingElementHandler.invoke(LocatingElementHandler.java:39)
	at com.sun.proxy.$Proxy20.isDisplayed(Unknown Source)
	at org.openqa.selenium.support.ui.ExpectedConditions.elementIfVisible(ExpectedConditions.java:307)
	at org.openqa.selenium.support.ui.ExpectedConditions.access$000(ExpectedConditions.java:40)
	at org.openqa.selenium.support.ui.ExpectedConditions$10.apply(ExpectedConditions.java:293)
	at org.openqa.selenium.support.ui.ExpectedConditions$10.apply(ExpectedConditions.java:290)
	at org.openqa.selenium.support.ui.FluentWait.until(FluentWait.java:208)
	... 30 more
... Removed 30 stack frames</pre></div><a href='#' onClick='toggleBox("stack-trace920722272", this, "Click to show all stack frames", "Click to hide stack frames")'>Click to show all stack frames</a>
<div class='stack-trace' id='stack-trace920722272'><pre>org.openqa.selenium.TimeoutException: Expected condition failed: waiting for visibility of Proxy element for: DefaultElementLocator &apos;By.xpath: //span[contains(text(),&apos;Sorry! Looks like you typed it wrong. Please try a&apos;)]&apos; (tried for 30 second(s) with 500 milliseconds interval)
	at org.openqa.selenium.support.ui.WebDriverWait.timeoutException(WebDriverWait.java:87)
	at org.openqa.selenium.support.ui.FluentWait.until(FluentWait.java:231)
	at ExitTest.Selenium.Pages.CareersPage.candidateLogin(CareersPage.java:78)
	at ExitTest.Selenium.TestCases.CareersTest.candidateLogin(CareersTest.java:22)
	at java.base/jdk.internal.reflect.NativeMethodAccessorImpl.invoke0(Native Method)
	at java.base/jdk.internal.reflect.NativeMethodAccessorImpl.invoke(NativeMethodAccessorImpl.java:62)
	at java.base/jdk.internal.reflect.DelegatingMethodAccessorImpl.invoke(DelegatingMethodAccessorImpl.java:43)
	at java.base/java.lang.reflect.Method.invoke(Method.java:566)
	at org.testng.internal.MethodInvocationHelper.invokeMethod(MethodInvocationHelper.java:134)
	at org.testng.internal.TestInvoker.invokeMethod(TestInvoker.java:597)
	at org.testng.internal.TestInvoker.invokeTestMethod(TestInvoker.java:173)
	at org.testng.internal.MethodRunner.runInSequence(MethodRunner.java:46)
	at org.testng.internal.TestInvoker$MethodInvocationAgent.invoke(TestInvoker.java:816)
	at org.testng.internal.TestInvoker.invokeTestMethods(TestInvoker.java:146)
	at org.testng.internal.TestMethodWorker.invokeTestMethods(TestMethodWorker.java:146)
	at org.testng.internal.TestMethodWorker.run(TestMethodWorker.java:128)
	at java.base/java.util.ArrayList.forEach(ArrayList.java:1540)
	at org.testng.TestRunner.privateRun(TestRunner.java:766)
	at org.testng.TestRunner.run(TestRunner.java:587)
	at org.testng.SuiteRunner.runTest(SuiteRunner.java:384)
	at org.testng.SuiteRunner.runSequentially(SuiteRunner.java:378)
	at org.testng.SuiteRunner.privateRun(SuiteRunner.java:337)
	at org.testng.SuiteRunner.run(SuiteRunner.java:286)
	at org.testng.SuiteRunnerWorker.runSuite(SuiteRunnerWorker.java:53)
	at org.testng.SuiteRunnerWorker.run(SuiteRunnerWorker.java:96)
	at org.testng.TestNG.runSuitesSequentially(TestNG.java:1187)
	at org.testng.TestNG.runSuitesLocally(TestNG.java:1109)
	at org.testng.TestNG.runSuites(TestNG.java:1039)
	at org.testng.TestNG.run(TestNG.java:1007)
	at org.testng.remote.AbstractRemoteTestNG.run(AbstractRemoteTestNG.java:115)
	at org.testng.remote.RemoteTestNG.initAndRun(RemoteTestNG.java:251)
	at org.testng.remote.RemoteTestNG.main(RemoteTestNG.java:77)
Caused by: org.openqa.selenium.NoSuchElementException: no such element: Unable to locate element: {&quot;method&quot;:&quot;xpath&quot;,&quot;selector&quot;:&quot;//span[contains(text(),&apos;Sorry! Looks like you typed it wrong. Please try a&apos;)]&quot;}
  (Session info: chrome=108.0.5359.125)
For documentation on this error, please visit: https://selenium.dev/exceptions/#no_such_element
Build info: version: &apos;4.4.0&apos;, revision: &apos;e5c75ed026a&apos;
System info: host: &apos;IN-PG02NJPN&apos;, ip: &apos;192.168.101.4&apos;, os.name: &apos;Windows 10&apos;, os.arch: &apos;amd64&apos;, os.version: &apos;10.0&apos;, java.version: &apos;11.0.5&apos;
Driver info: org.openqa.selenium.chrome.ChromeDriver
Command: [5fcee86f3a852a4a51b870eec9047de8, findElement {using=xpath, value=//span[contains(text(),&apos;Sorry! Looks like you typed it wrong. Please try a&apos;)]}]
Capabilities {acceptInsecureCerts: false, browserName: chrome, browserVersion: 108.0.5359.125, chrome: {chromedriverVersion: 108.0.5359.71 (1e0e3868ee06..., userDataDir: C:\Users\DEVEND~1\AppData\L...}, goog:chromeOptions: {debuggerAddress: localhost:62143}, networkConnectionEnabled: false, pageLoadStrategy: normal, platformName: WINDOWS, proxy: Proxy(), se:cdp: ws://localhost:62143/devtoo..., se:cdpVersion: 108.0.5359.125, setWindowRect: true, strictFileInteractability: false, timeouts: {implicit: 0, pageLoad: 300000, script: 30000}, unhandledPromptBehavior: dismiss and notify, webauthn:extension:credBlob: true, webauthn:extension:largeBlob: true, webauthn:virtualAuthenticators: true}
Session ID: 5fcee86f3a852a4a51b870eec9047de8
	at jdk.internal.reflect.GeneratedConstructorAccessor22.newInstance(Unknown Source)
	at java.base/jdk.internal.reflect.DelegatingConstructorAccessorImpl.newInstance(DelegatingConstructorAccessorImpl.java:45)
	at java.base/java.lang.reflect.Constructor.newInstance(Constructor.java:490)
	at org.openqa.selenium.remote.codec.w3c.W3CHttpResponseCodec.createException(W3CHttpResponseCodec.java:200)
	at org.openqa.selenium.remote.codec.w3c.W3CHttpResponseCodec.decode(W3CHttpResponseCodec.java:133)
	at org.openqa.selenium.remote.codec.w3c.W3CHttpResponseCodec.decode(W3CHttpResponseCodec.java:53)
	at org.openqa.selenium.remote.HttpCommandExecutor.execute(HttpCommandExecutor.java:184)
	at org.openqa.selenium.remote.service.DriverCommandExecutor.invokeExecute(DriverCommandExecutor.java:167)
	at org.openqa.selenium.remote.service.DriverCommandExecutor.execute(DriverCommandExecutor.java:142)
	at org.openqa.selenium.remote.RemoteWebDriver.execute(RemoteWebDriver.java:547)
	at org.openqa.selenium.remote.ElementLocation$ElementFinder$2.findElement(ElementLocation.java:162)
	at org.openqa.selenium.remote.ElementLocation.findElement(ElementLocation.java:60)
	at org.openqa.selenium.remote.RemoteWebDriver.findElement(RemoteWebDriver.java:365)
	at org.openqa.selenium.remote.RemoteWebDriver.findElement(RemoteWebDriver.java:357)
	at org.openqa.selenium.support.pagefactory.DefaultElementLocator.findElement(DefaultElementLocator.java:70)
	at org.openqa.selenium.support.pagefactory.internal.LocatingElementHandler.invoke(LocatingElementHandler.java:39)
	at com.sun.proxy.$Proxy20.isDisplayed(Unknown Source)
	at org.openqa.selenium.support.ui.ExpectedConditions.elementIfVisible(ExpectedConditions.java:307)
	at org.openqa.selenium.support.ui.ExpectedConditions.access$000(ExpectedConditions.java:40)
	at org.openqa.selenium.support.ui.ExpectedConditions$10.apply(ExpectedConditions.java:293)
	at org.openqa.selenium.support.ui.ExpectedConditions$10.apply(ExpectedConditions.java:290)
	at org.openqa.selenium.support.ui.FluentWait.until(FluentWait.java:208)
	... 30 more
</pre></div></td>
<td>68</td>
<td>ExitTest.Selenium.TestCases.CareersTest@a8e6492</td></tr>
<tr>
<td title='ExitTest.Selenium.TestCases.TopOffersTest.viewOffers()'><b>viewOffers</b><br>Test class: ExitTest.Selenium.TestCases.TopOffersTest</td>
<td><div><pre>org.openqa.selenium.TimeoutException: Expected condition failed: waiting for title to contain &quot;Content&quot;. Current title: &quot;Online Shopping Site for Mobiles, Electronics, Furniture, Grocery, Lifestyle, Books &amp; More. Best Offers!&quot; (tried for 30 second(s) with 500 milliseconds interval)
Build info: version: &apos;4.4.0&apos;, revision: &apos;e5c75ed026a&apos;
System info: host: &apos;IN-PG02NJPN&apos;, ip: &apos;192.168.101.4&apos;, os.name: &apos;Windows 10&apos;, os.arch: &apos;amd64&apos;, os.version: &apos;10.0&apos;, java.version: &apos;11.0.5&apos;
Driver info: org.openqa.selenium.chrome.ChromeDriver
Capabilities {acceptInsecureCerts: false, browserName: chrome, browserVersion: 108.0.5359.125, chrome: {chromedriverVersion: 108.0.5359.71 (1e0e3868ee06..., userDataDir: C:\Users\DEVEND~1\AppData\L...}, goog:chromeOptions: {debuggerAddress: localhost:62143}, networkConnectionEnabled: false, pageLoadStrategy: normal, platformName: WINDOWS, proxy: Proxy(), se:cdp: ws://localhost:62143/devtoo..., se:cdpVersion: 108.0.5359.125, setWindowRect: true, strictFileInteractability: false, timeouts: {implicit: 0, pageLoad: 300000, script: 30000}, unhandledPromptBehavior: dismiss and notify, webauthn:extension:credBlob: true, webauthn:extension:largeBlob: true, webauthn:virtualAuthenticators: true}
Session ID: 5fcee86f3a852a4a51b870eec9047de8
	at org.openqa.selenium.support.ui.WebDriverWait.timeoutException(WebDriverWait.java:87)
	at org.openqa.selenium.support.ui.FluentWait.until(FluentWait.java:231)
	at ExitTest.Selenium.Pages.TopOffersPage.viewOffers(TopOffersPage.java:52)
	at ExitTest.Selenium.TestCases.TopOffersTest.viewOffers(TopOffersTest.java:19)
	at java.base/java.util.ArrayList.forEach(ArrayList.java:1540)
... Removed 27 stack frames</pre></div><a href='#' onClick='toggleBox("stack-trace825134767", this, "Click to show all stack frames", "Click to hide stack frames")'>Click to show all stack frames</a>
<div class='stack-trace' id='stack-trace825134767'><pre>org.openqa.selenium.TimeoutException: Expected condition failed: waiting for title to contain &quot;Content&quot;. Current title: &quot;Online Shopping Site for Mobiles, Electronics, Furniture, Grocery, Lifestyle, Books &amp; More. Best Offers!&quot; (tried for 30 second(s) with 500 milliseconds interval)
Build info: version: &apos;4.4.0&apos;, revision: &apos;e5c75ed026a&apos;
System info: host: &apos;IN-PG02NJPN&apos;, ip: &apos;192.168.101.4&apos;, os.name: &apos;Windows 10&apos;, os.arch: &apos;amd64&apos;, os.version: &apos;10.0&apos;, java.version: &apos;11.0.5&apos;
Driver info: org.openqa.selenium.chrome.ChromeDriver
Capabilities {acceptInsecureCerts: false, browserName: chrome, browserVersion: 108.0.5359.125, chrome: {chromedriverVersion: 108.0.5359.71 (1e0e3868ee06..., userDataDir: C:\Users\DEVEND~1\AppData\L...}, goog:chromeOptions: {debuggerAddress: localhost:62143}, networkConnectionEnabled: false, pageLoadStrategy: normal, platformName: WINDOWS, proxy: Proxy(), se:cdp: ws://localhost:62143/devtoo..., se:cdpVersion: 108.0.5359.125, setWindowRect: true, strictFileInteractability: false, timeouts: {implicit: 0, pageLoad: 300000, script: 30000}, unhandledPromptBehavior: dismiss and notify, webauthn:extension:credBlob: true, webauthn:extension:largeBlob: true, webauthn:virtualAuthenticators: true}
Session ID: 5fcee86f3a852a4a51b870eec9047de8
	at org.openqa.selenium.support.ui.WebDriverWait.timeoutException(WebDriverWait.java:87)
	at org.openqa.selenium.support.ui.FluentWait.until(FluentWait.java:231)
	at ExitTest.Selenium.Pages.TopOffersPage.viewOffers(TopOffersPage.java:52)
	at ExitTest.Selenium.TestCases.TopOffersTest.viewOffers(TopOffersTest.java:19)
	at java.base/jdk.internal.reflect.NativeMethodAccessorImpl.invoke0(Native Method)
	at java.base/jdk.internal.reflect.NativeMethodAccessorImpl.invoke(NativeMethodAccessorImpl.java:62)
	at java.base/jdk.internal.reflect.DelegatingMethodAccessorImpl.invoke(DelegatingMethodAccessorImpl.java:43)
	at java.base/java.lang.reflect.Method.invoke(Method.java:566)
	at org.testng.internal.MethodInvocationHelper.invokeMethod(MethodInvocationHelper.java:134)
	at org.testng.internal.TestInvoker.invokeMethod(TestInvoker.java:597)
	at org.testng.internal.TestInvoker.invokeTestMethod(TestInvoker.java:173)
	at org.testng.internal.MethodRunner.runInSequence(MethodRunner.java:46)
	at org.testng.internal.TestInvoker$MethodInvocationAgent.invoke(TestInvoker.java:816)
	at org.testng.internal.TestInvoker.invokeTestMethods(TestInvoker.java:146)
	at org.testng.internal.TestMethodWorker.invokeTestMethods(TestMethodWorker.java:146)
	at org.testng.internal.TestMethodWorker.run(TestMethodWorker.java:128)
	at java.base/java.util.ArrayList.forEach(ArrayList.java:1540)
	at org.testng.TestRunner.privateRun(TestRunner.java:766)
	at org.testng.TestRunner.run(TestRunner.java:587)
	at org.testng.SuiteRunner.runTest(SuiteRunner.java:384)
	at org.testng.SuiteRunner.runSequentially(SuiteRunner.java:378)
	at org.testng.SuiteRunner.privateRun(SuiteRunner.java:337)
	at org.testng.SuiteRunner.run(SuiteRunner.java:286)
	at org.testng.SuiteRunnerWorker.runSuite(SuiteRunnerWorker.java:53)
	at org.testng.SuiteRunnerWorker.run(SuiteRunnerWorker.java:96)
	at org.testng.TestNG.runSuitesSequentially(TestNG.java:1187)
	at org.testng.TestNG.runSuitesLocally(TestNG.java:1109)
	at org.testng.TestNG.runSuites(TestNG.java:1039)
	at org.testng.TestNG.run(TestNG.java:1007)
	at org.testng.remote.AbstractRemoteTestNG.run(AbstractRemoteTestNG.java:115)
	at org.testng.remote.RemoteTestNG.initAndRun(RemoteTestNG.java:251)
	at org.testng.remote.RemoteTestNG.main(RemoteTestNG.java:77)
</pre></div></td>
<td>60</td>
<td>ExitTest.Selenium.TestCases.TopOffersTest@1c7fd41f</td></tr>
</table><p>
<table width='100%' border='1' class='invocation-passed'>
<tr><td colspan='4' align='center'><b>PASSED TESTS</b></td></tr>
<tr><td><b>Test method</b></td>
<td width="30%"><b>Exception</b></td>
<td width="10%"><b>Time (seconds)</b></td>
<td><b>Instance</b></td>
</tr>
<tr>
<td title='ExitTest.Selenium.TestCases.AboutUsTest.aboutUs()'><b>aboutUs</b><br>Test class: ExitTest.Selenium.TestCases.AboutUsTest</td>
<td></td>
<td>32</td>
<td>ExitTest.Selenium.TestCases.AboutUsTest@7c2b6087</td></tr>
<tr>
<td title='ExitTest.Selenium.TestCases.BuyProductTest.addToCart()'><b>addToCart</b><br>Test class: ExitTest.Selenium.TestCases.BuyProductTest</td>
<td></td>
<td>2</td>
<td>ExitTest.Selenium.TestCases.BuyProductTest@e077866</td></tr>
<tr>
<td title='ExitTest.Selenium.TestCases.DownloadAppTest.appStoreDownload()'><b>appStoreDownload</b><br>Test class: ExitTest.Selenium.TestCases.DownloadAppTest</td>
<td></td>
<td>41</td>
<td>ExitTest.Selenium.TestCases.DownloadAppTest@3fffff43</td></tr>
<tr>
<td title='ExitTest.Selenium.TestCases.SellerTest.becomeSeller()'><b>becomeSeller</b><br>Test class: ExitTest.Selenium.TestCases.SellerTest</td>
<td></td>
<td>30</td>
<td>ExitTest.Selenium.TestCases.SellerTest@726e5805</td></tr>
<tr>
<td title='ExitTest.Selenium.TestCases.BuyProductTest.buyProduct()'><b>buyProduct</b><br>Test class: ExitTest.Selenium.TestCases.BuyProductTest</td>
<td></td>
<td>37</td>
<td>ExitTest.Selenium.TestCases.BuyProductTest@e077866</td></tr>
<tr>
<td title='ExitTest.Selenium.TestCases.FlipkartPlusTest.coinBalance()'><b>coinBalance</b><br>Test class: ExitTest.Selenium.TestCases.FlipkartPlusTest</td>
<td></td>
<td>33</td>
<td>ExitTest.Selenium.TestCases.FlipkartPlusTest@4b672daa</td></tr>
<tr>
<td title='ExitTest.Selenium.TestCases.CreateAccountTest.createAccount()'><b>createAccount</b><br>Test class: ExitTest.Selenium.TestCases.CreateAccountTest</td>
<td></td>
<td>2</td>
<td>ExitTest.Selenium.TestCases.CreateAccountTest@40c80397</td></tr>
<tr>
<td title='ExitTest.Selenium.TestCases.LoginTest.invalidLogin()'><b>invalidLogin</b><br>Test class: ExitTest.Selenium.TestCases.LoginTest</td>
<td></td>
<td>1</td>
<td>ExitTest.Selenium.TestCases.LoginTest@1fcb4808</td></tr>
<tr>
<td title='ExitTest.Selenium.TestCases.CartTest.placeOrder()'><b>placeOrder</b><br>Test class: ExitTest.Selenium.TestCases.CartTest</td>
<td></td>
<td>35</td>
<td>ExitTest.Selenium.TestCases.CartTest@ed3068a</td></tr>
<tr>
<td title='ExitTest.Selenium.TestCases.DownloadAppTest.playStoreDownload()'><b>playStoreDownload</b><br>Test class: ExitTest.Selenium.TestCases.DownloadAppTest</td>
<td></td>
<td>37</td>
<td>ExitTest.Selenium.TestCases.DownloadAppTest@3fffff43</td></tr>
<tr>
<td title='ExitTest.Selenium.TestCases.CartTest.removeFromCart()'><b>removeFromCart</b><br>Test class: ExitTest.Selenium.TestCases.CartTest</td>
<td></td>
<td>33</td>
<td>ExitTest.Selenium.TestCases.CartTest@ed3068a</td></tr>
<tr>
<td title='ExitTest.Selenium.TestCases.SearchProductTest.searchItem()'><b>searchItem</b><br>Test class: ExitTest.Selenium.TestCases.SearchProductTest</td>
<td></td>
<td>32</td>
<td>ExitTest.Selenium.TestCases.SearchProductTest@ea9b7c6</td></tr>
<tr>
<td title='ExitTest.Selenium.TestCases.SellerTest.sellerLogin()'><b>sellerLogin</b><br>Test class: ExitTest.Selenium.TestCases.SellerTest</td>
<td></td>
<td>39</td>
<td>ExitTest.Selenium.TestCases.SellerTest@726e5805</td></tr>
<tr>
<td title='ExitTest.Selenium.TestCases.CartTest.viewCart()'><b>viewCart</b><br>Test class: ExitTest.Selenium.TestCases.CartTest</td>
<td></td>
<td>31</td>
<td>ExitTest.Selenium.TestCases.CartTest@ed3068a</td></tr>
<tr>
<td title='ExitTest.Selenium.TestCases.FlipkartPlusTest.viewClaimedRewards()'><b>viewClaimedRewards</b><br>Test class: ExitTest.Selenium.TestCases.FlipkartPlusTest</td>
<td></td>
<td>5</td>
<td>ExitTest.Selenium.TestCases.FlipkartPlusTest@4b672daa</td></tr>
<tr>
<td title='ExitTest.Selenium.TestCases.FlipkartPlusTest.viewExclusiveOffers()'><b>viewExclusiveOffers</b><br>Test class: ExitTest.Selenium.TestCases.FlipkartPlusTest</td>
<td></td>
<td>2</td>
<td>ExitTest.Selenium.TestCases.FlipkartPlusTest@4b672daa</td></tr>
<tr>
<td title='ExitTest.Selenium.TestCases.FlipkartPlusTest.viewRewards()'><b>viewRewards</b><br>Test class: ExitTest.Selenium.TestCases.FlipkartPlusTest</td>
<td></td>
<td>2</td>
<td>ExitTest.Selenium.TestCases.FlipkartPlusTest@4b672daa</td></tr>
</table><p>
</body>
</html>