<!DOCTYPE html PUBLIC "-//W3C//DTD XHTML 1.1//EN" "http://www.w3.org/TR/xhtml11/DTD/xhtml11.dtd">
<html xmlns="http://www.w3.org/1999/xhtml">
<head>
<meta http-equiv="content-type" content="text/html; charset=UTF-8"/>
<title>TestNG Report</title>
<style type="text/css">table {margin-bottom:10px;border-collapse:collapse;empty-cells:show}th,td {border:1px solid #009;padding:.25em .5em}th {vertical-align:bottom}td {vertical-align:top}table a {font-weight:bold}.stripe td {background-color: #E6EBF9}.num {text-align:right}.passedodd td {background-color: #3F3}.passedeven td {background-color: #0A0}.skippedodd td {background-color: #DDD}.skippedeven td {background-color: #CCC}.failedodd td,.attn {background-color: #F33}.failedeven td,.stripe .attn {background-color: #D00}.stacktrace {white-space:pre;font-family:monospace}.totop {font-size:85%;text-align:center;border-bottom:2px solid #000}.invisible {display:none}</style>
</head>
<body>
<table>
<tr><th>Test</th><th># Passed</th><th># Skipped</th><th># Retried</th><th># Failed</th><th>Time (ms)</th><th>Included Groups</th><th>Excluded Groups</th></tr>
<tr><th colspan="8">Exit Test</th></tr>
<tr><td><a href="#t0">Test</a></td><td class="num">17</td><td class="num">0</td><td class="num">0</td><td class="num attn">2</td><td class="num">612,191</td><td></td><td></td></tr>
</table>
<table id='summary'><thead><tr><th>Class</th><th>Method</th><th>Start</th><th>Time (ms)</th></tr></thead><tbody><tr><th colspan="4">Exit Test</th></tr></tbody><tbody id="t0"><tr><th colspan="4">Test &#8212; failed</th></tr><tr class="failedeven"><td rowspan="1">ExitTest.Selenium.TestCases.CareersTest</td><td><a href="#m0">candidateLogin</a></td><td rowspan="1">1673300043225</td><td rowspan="1">68770</td></tr><tr class="failedodd"><td rowspan="1">ExitTest.Selenium.TestCases.TopOffersTest</td><td><a href="#m1">viewOffers</a></td><td rowspan="1">1673300114639</td><td rowspan="1">60958</td></tr><tr><th colspan="4">Test &#8212; passed</th></tr><tr class="passedeven"><td rowspan="1">ExitTest.Selenium.TestCases.AboutUsTest</td><td><a href="#m2">aboutUs</a></td><td rowspan="1">1673299926469</td><td rowspan="1">32123</td></tr><tr class="passedodd"><td rowspan="2">ExitTest.Selenium.TestCases.BuyProductTest</td><td><a href="#m3">addToCart</a></td><td rowspan="1">1673299816248</td><td rowspan="1">2787</td></tr><tr class="passedodd"><td><a href="#m4">buyProduct</a></td><td rowspan="1">1673299777953</td><td rowspan="1">37152</td></tr><tr class="passedeven"><td rowspan="3">ExitTest.Selenium.TestCases.CartTest</td><td><a href="#m5">placeOrder</a></td><td rowspan="1">1673299853698</td><td rowspan="1">35472</td></tr><tr class="passedeven"><td><a href="#m6">removeFromCart</a></td><td rowspan="1">1673299891201</td><td rowspan="1">33237</td></tr><tr class="passedeven"><td><a href="#m7">viewCart</a></td><td rowspan="1">1673299820212</td><td rowspan="1">31539</td></tr><tr class="passedodd"><td rowspan="1">ExitTest.Selenium.TestCases.CreateAccountTest</td><td><a href="#m8">createAccount</a></td><td rowspan="1">1673299689373</td><td rowspan="1">2181</td></tr><tr class="passedeven"><td rowspan="2">ExitTest.Selenium.TestCases.DownloadAppTest</td><td><a href="#m9">appStoreDownload</a></td><td rowspan="1">1673299960463</td><td rowspan="1">41737</td></tr><tr class="passedeven"><td><a href="#m10">playStoreDownload</a></td><td rowspan="1">1673300004445</td><td rowspan="1">37347</td></tr><tr class="passedodd"><td rowspan="4">ExitTest.Selenium.TestCases.FlipkartPlusTest</td><td><a href="#m11">coinBalance</a></td><td rowspan="1">1673299693650</td><td rowspan="1">33301</td></tr><tr class="passedodd"><td><a href="#m12">viewClaimedRewards</a></td><td rowspan="1">1673299733058</td><td rowspan="1">5278</td></tr><tr class="passedodd"><td><a href="#m13">viewExclusiveOffers</a></td><td rowspan="1">1673299739379</td><td rowspan="1">2964</td></tr><tr class="passedodd"><td><a href="#m14">viewRewards</a></td><td rowspan="1">1673299728578</td><td rowspan="1">2788</td></tr><tr class="passedeven"><td rowspan="1">ExitTest.Selenium.TestCases.LoginTest</td><td><a href="#m15">invalidLogin</a></td><td rowspan="1">1673299611881</td><td rowspan="1">1058</td></tr><tr class="passedodd"><td rowspan="1">ExitTest.Selenium.TestCases.SearchProductTest</td><td><a href="#m16">searchItem</a></td><td rowspan="1">1673299743412</td><td rowspan="1">32609</td></tr><tr class="passedeven"><td rowspan="2">ExitTest.Selenium.TestCases.SellerTest</td><td><a href="#m17">becomeSeller</a></td><td rowspan="1">1673299615068</td><td rowspan="1">30917</td></tr><tr class="passedeven"><td><a href="#m18">sellerLogin</a></td><td rowspan="1">1673299648001</td><td rowspan="1">39473</td></tr></tbody>
</table>
<h2>Test</h2><h3 id="m0">ExitTest.Selenium.TestCases.CareersTest#candidateLogin</h3><table class="result"><tr><th>Exception</th></tr><tr><td><div class="stacktrace">org.openqa.selenium.TimeoutException: Expected condition failed: waiting for visibility of Proxy element for: DefaultElementLocator &apos;By.xpath: //span[contains(text(),&apos;Sorry! Looks like you typed it wrong. Please try a&apos;)]&apos; (tried for 30 second(s) with 500 milliseconds interval)
	at org.openqa.selenium.support.ui.WebDriverWait.timeoutException(WebDriverWait.java:87)
	at org.openqa.selenium.support.ui.FluentWait.until(FluentWait.java:231)
	at ExitTest.Selenium.Pages.CareersPage.candidateLogin(CareersPage.java:78)
	at ExitTest.Selenium.TestCases.CareersTest.candidateLogin(CareersTest.java:22)
	at java.base/java.util.ArrayList.forEach(ArrayList.java:1540)
Caused by: org.openqa.selenium.NoSuchElementException: no such element: Unable to locate element: {&quot;method&quot;:&quot;xpath&quot;,&quot;selector&quot;:&quot;//span[contains(text(),&apos;Sorry! Looks like you typed it wrong. Please try a&apos;)]&quot;}
  (Session info: chrome=108.0.5359.125)
For documentation on this error, please visit: https://selenium.dev/exceptions/#no_such_element
Build info: version: &apos;4.4.0&apos;, revision: &apos;e5c75ed026a&apos;
System info: host: &apos;IN-PG02NJPN&apos;, ip: &apos;192.168.101.4&apos;, os.name: &apos;Windows 10&apos;, os.arch: &apos;amd64&apos;, os.version: &apos;10.0&apos;, java.version: &apos;11.0.5&apos;
Driver info: org.openqa.selenium.chrome.ChromeDriver
Command: [5fcee86f3a852a4a51b870eec9047de8, findElement {using=xpath, value=//span[contains(text(),&apos;Sorry! Looks like you typed it wrong. Please try a&apos;)]}]
Capabilities {acceptInsecureCerts: false, browserName: chrome, browserVersion: 108.0.5359.125, chrome: {chromedriverVersion: 108.0.5359.71 (1e0e3868ee06..., userDataDir: C:\Users\DEVEND~1\AppData\L...}, goog:chromeOptions: {debuggerAddress: localhost:62143}, networkConnectionEnabled: false, pageLoadStrategy: normal, platformName: WINDOWS, proxy: Proxy(), se:cdp: ws://localhost:62143/devtoo..., se:cdpVersion: 108.0.5359.125, setWindowRect: true, strictFileInteractability: false, timeouts: {implicit: 0, pageLoad: 300000, script: 30000}, unhandledPromptBehavior: dismiss and notify, webauthn:extension:credBlob: true, webauthn:extension:largeBlob: true, webauthn:virtualAuthenticators: true}
Session ID: 5fcee86f3a852a4a51b870eec9047de8
	at org.openqa.selenium.remote.codec.w3c.W3CHttpResponseCodec.createException(W3CHttpResponseCodec.java:200)
	at org.openqa.selenium.remote.codec.w3c.W3CHttpResponseCodec.decode(W3CHttpResponseCodec.java:133)
	at org.openqa.selenium.remote.codec.w3c.W3CHttpResponseCodec.decode(W3CHttpResponseCodec.java:53)
	at org.openqa.selenium.remote.HttpCommandExecutor.execute(HttpCommandExecutor.java:184)
	at org.openqa.selenium.remote.service.DriverCommandExecutor.invokeExecute(DriverCommandExecutor.java:167)
	at org.openqa.selenium.remote.service.DriverCommandExecutor.execute(DriverCommandExecutor.java:142)
	at org.openqa.selenium.remote.RemoteWebDriver.execute(RemoteWebDriver.java:547)
	at org.openqa.selenium.remote.ElementLocation$ElementFinder$2.findElement(ElementLocation.java:162)
	at org.openqa.selenium.remote.ElementLocation.findElement(ElementLocation.java:60)
	at org.openqa.selenium.remote.RemoteWebDriver.findElement(RemoteWebDriver.java:365)
	at org.openqa.selenium.remote.RemoteWebDriver.findElement(RemoteWebDriver.java:357)
	at org.openqa.selenium.support.pagefactory.DefaultElementLocator.findElement(DefaultElementLocator.java:70)
	at org.openqa.selenium.support.pagefactory.internal.LocatingElementHandler.invoke(LocatingElementHandler.java:39)
	at com.sun.proxy.$Proxy20.isDisplayed(Unknown Source)
	at org.openqa.selenium.support.ui.ExpectedConditions.elementIfVisible(ExpectedConditions.java:307)
	at org.openqa.selenium.support.ui.ExpectedConditions.access$000(ExpectedConditions.java:40)
	at org.openqa.selenium.support.ui.ExpectedConditions$10.apply(ExpectedConditions.java:293)
	at org.openqa.selenium.support.ui.ExpectedConditions$10.apply(ExpectedConditions.java:290)
	at org.openqa.selenium.support.ui.FluentWait.until(FluentWait.java:208)
	... 30 more
... Removed 30 stack frames</div></td></tr></table><p class="totop"><a href="#summary">back to summary</a></p>
<h3 id="m1">ExitTest.Selenium.TestCases.TopOffersTest#viewOffers</h3><table class="result"><tr><th>Exception</th></tr><tr><td><div class="stacktrace">org.openqa.selenium.TimeoutException: Expected condition failed: waiting for title to contain &quot;Content&quot;. Current title: &quot;Online Shopping Site for Mobiles, Electronics, Furniture, Grocery, Lifestyle, Books &amp; More. Best Offers!&quot; (tried for 30 second(s) with 500 milliseconds interval)
Build info: version: &apos;4.4.0&apos;, revision: &apos;e5c75ed026a&apos;
System info: host: &apos;IN-PG02NJPN&apos;, ip: &apos;192.168.101.4&apos;, os.name: &apos;Windows 10&apos;, os.arch: &apos;amd64&apos;, os.version: &apos;10.0&apos;, java.version: &apos;11.0.5&apos;
Driver info: org.openqa.selenium.chrome.ChromeDriver
Capabilities {acceptInsecureCerts: false, browserName: chrome, browserVersion: 108.0.5359.125, chrome: {chromedriverVersion: 108.0.5359.71 (1e0e3868ee06..., userDataDir: C:\Users\DEVEND~1\AppData\L...}, goog:chromeOptions: {debuggerAddress: localhost:62143}, networkConnectionEnabled: false, pageLoadStrategy: normal, platformName: WINDOWS, proxy: Proxy(), se:cdp: ws://localhost:62143/devtoo..., se:cdpVersion: 108.0.5359.125, setWindowRect: true, strictFileInteractability: false, timeouts: {implicit: 0, pageLoad: 300000, script: 30000}, unhandledPromptBehavior: dismiss and notify, webauthn:extension:credBlob: true, webauthn:extension:largeBlob: true, webauthn:virtualAuthenticators: true}
Session ID: 5fcee86f3a852a4a51b870eec9047de8
	at org.openqa.selenium.support.ui.WebDriverWait.timeoutException(WebDriverWait.java:87)
	at org.openqa.selenium.support.ui.FluentWait.until(FluentWait.java:231)
	at ExitTest.Selenium.Pages.TopOffersPage.viewOffers(TopOffersPage.java:52)
	at ExitTest.Selenium.TestCases.TopOffersTest.viewOffers(TopOffersTest.java:19)
	at java.base/java.util.ArrayList.forEach(ArrayList.java:1540)
... Removed 27 stack frames</div></td></tr></table><p class="totop"><a href="#summary">back to summary</a></p>
<h3 id="m2">ExitTest.Selenium.TestCases.AboutUsTest#aboutUs</h3><table class="result"><tr><th class="invisible"/></tr></table><p class="totop"><a href="#summary">back to summary</a></p>
<h3 id="m3">ExitTest.Selenium.TestCases.BuyProductTest#addToCart</h3><table class="result"><tr><th class="invisible"/></tr></table><p class="totop"><a href="#summary">back to summary</a></p>
<h3 id="m4">ExitTest.Selenium.TestCases.BuyProductTest#buyProduct</h3><table class="result"><tr><th class="invisible"/></tr></table><p class="totop"><a href="#summary">back to summary</a></p>
<h3 id="m5">ExitTest.Selenium.TestCases.CartTest#placeOrder</h3><table class="result"><tr><th class="invisible"/></tr></table><p class="totop"><a href="#summary">back to summary</a></p>
<h3 id="m6">ExitTest.Selenium.TestCases.CartTest#removeFromCart</h3><table class="result"><tr><th class="invisible"/></tr></table><p class="totop"><a href="#summary">back to summary</a></p>
<h3 id="m7">ExitTest.Selenium.TestCases.CartTest#viewCart</h3><table class="result"><tr><th class="invisible"/></tr></table><p class="totop"><a href="#summary">back to summary</a></p>
<h3 id="m8">ExitTest.Selenium.TestCases.CreateAccountTest#createAccount</h3><table class="result"><tr><th class="invisible"/></tr></table><p class="totop"><a href="#summary">back to summary</a></p>
<h3 id="m9">ExitTest.Selenium.TestCases.DownloadAppTest#appStoreDownload</h3><table class="result"><tr><th class="invisible"/></tr></table><p class="totop"><a href="#summary">back to summary</a></p>
<h3 id="m10">ExitTest.Selenium.TestCases.DownloadAppTest#playStoreDownload</h3><table class="result"><tr><th class="invisible"/></tr></table><p class="totop"><a href="#summary">back to summary</a></p>
<h3 id="m11">ExitTest.Selenium.TestCases.FlipkartPlusTest#coinBalance</h3><table class="result"><tr><th class="invisible"/></tr></table><p class="totop"><a href="#summary">back to summary</a></p>
<h3 id="m12">ExitTest.Selenium.TestCases.FlipkartPlusTest#viewClaimedRewards</h3><table class="result"><tr><th class="invisible"/></tr></table><p class="totop"><a href="#summary">back to summary</a></p>
<h3 id="m13">ExitTest.Selenium.TestCases.FlipkartPlusTest#viewExclusiveOffers</h3><table class="result"><tr><th class="invisible"/></tr></table><p class="totop"><a href="#summary">back to summary</a></p>
<h3 id="m14">ExitTest.Selenium.TestCases.FlipkartPlusTest#viewRewards</h3><table class="result"><tr><th class="invisible"/></tr></table><p class="totop"><a href="#summary">back to summary</a></p>
<h3 id="m15">ExitTest.Selenium.TestCases.LoginTest#invalidLogin</h3><table class="result"><tr><th class="invisible"/></tr></table><p class="totop"><a href="#summary">back to summary</a></p>
<h3 id="m16">ExitTest.Selenium.TestCases.SearchProductTest#searchItem</h3><table class="result"><tr><th class="invisible"/></tr></table><p class="totop"><a href="#summary">back to summary</a></p>
<h3 id="m17">ExitTest.Selenium.TestCases.SellerTest#becomeSeller</h3><table class="result"><tr><th class="invisible"/></tr></table><p class="totop"><a href="#summary">back to summary</a></p>
<h3 id="m18">ExitTest.Selenium.TestCases.SellerTest#sellerLogin</h3><table class="result"><tr><th class="invisible"/></tr></table><p class="totop"><a href="#summary">back to summary</a></p>
</body>
</html>
